#
# There is insufficient memory for the Java Runtime Environment to continue.
# Native memory allocation (malloc) failed to allocate 1840016 bytes for Chunk::new
# Possible reasons:
#   The system is out of physical RAM or swap space
#   The process is running with CompressedOops enabled, and the Java Heap may be blocking the growth of the native heap
# Possible solutions:
#   Reduce memory load on the system
#   Increase physical memory or swap space
#   Check if swap backing store is full
#   Decrease Java heap size (-Xmx/-Xms)
#   Decrease number of Java threads
#   Decrease Java thread stack sizes (-Xss)
#   Set larger code cache with -XX:ReservedCodeCacheSize=
#   JVM is running with Unscaled Compressed Oops mode in which the Java heap is
#     placed in the first 4GB address space. The Java Heap base address is the
#     maximum limit for the native heap growth. Please use -XX:HeapBaseMinAddress
#     to set the Java Heap base and to place the Java Heap above 4GB virtual address.
# This output file may be truncated or incomplete.
#
#  Out of Memory Error (arena.cpp:184), pid=27404, tid=26816
#
# JRE version: Java(TM) SE Runtime Environment (20.0.1+9) (build 20.0.1+9-29)
# Java VM: Java HotSpot(TM) 64-Bit Server VM (20.0.1+9-29, mixed mode, sharing, tiered, compressed oops, compressed class ptrs, g1 gc, windows-amd64)
# No core dump will be written. Minidumps are not enabled by default on client versions of Windows
#

---------------  S U M M A R Y ------------

Command Line: --add-opens=java.base/java.lang=ALL-UNNAMED --add-opens=java.base/java.lang.invoke=ALL-UNNAMED --add-opens=java.base/java.util=ALL-UNNAMED --add-opens=java.prefs/java.util.prefs=ALL-UNNAMED --add-exports=jdk.compiler/com.sun.tools.javac.api=ALL-UNNAMED --add-exports=jdk.compiler/com.sun.tools.javac.util=ALL-UNNAMED --add-opens=java.base/java.util=ALL-UNNAMED --add-opens=java.prefs/java.util.prefs=ALL-UNNAMED --add-opens=java.base/java.nio.charset=ALL-UNNAMED --add-opens=java.base/java.net=ALL-UNNAMED --add-opens=java.base/java.util.concurrent.atomic=ALL-UNNAMED --add-opens=java.xml/javax.xml.namespace=ALL-UNNAMED -XX:MaxMetaspaceSize=512m -Xmx2048m -Dfile.encoding=UTF-8 -Duser.country=IN -Duser.language=en -Duser.variant -javaagent:C:\Users\rickb\.gradle\wrapper\dists\gradle-8.13-bin\5xuhj0ry160q40clulazy9h7d\gradle-8.13\lib\agents\gradle-instrumentation-agent-8.13.jar org.gradle.launcher.daemon.bootstrap.GradleDaemon 8.13

Host: AMD Ryzen 5 5600H with Radeon Graphics         , 12 cores, 5G,  Windows 11 , 64 bit Build 22621 (10.0.22621.5262)
Time: Mon May 19 10:32:12 2025 India Standard Time elapsed time: 3.319068 seconds (0d 0h 0m 3s)

---------------  T H R E A D  ---------------

Current thread (0x000001e35bc3be50):  JavaThread "C2 CompilerThread0" daemon [_thread_in_native, id=26816, stack(0x000000e18dc00000,0x000000e18dd00000)]


Current CompileTask:
C2:   3319 2597   !   4       java.lang.ClassLoader::loadClass (121 bytes)

Stack: [0x000000e18dc00000,0x000000e18dd00000]
Native frames: (J=compiled Java code, j=interpreted, Vv=VM code, C=native code)
V  [jvm.dll+0x6bb95a]
V  [jvm.dll+0x8485fa]
V  [jvm.dll+0x84a1f5]
V  [jvm.dll+0x84a8f3]
V  [jvm.dll+0x280b0f]
V  [jvm.dll+0xc2b11]
V  [jvm.dll+0xc2e35]
V  [jvm.dll+0x3bb142]
V  [jvm.dll+0x3857f5]
V  [jvm.dll+0x384c6a]
V  [jvm.dll+0x24b259]
V  [jvm.dll+0x24a651]
V  [jvm.dll+0x1ce491]
V  [jvm.dll+0x259e1b]
V  [jvm.dll+0x2584f0]
V  [jvm.dll+0x3f2895]
V  [jvm.dll+0x7f4b56]
V  [jvm.dll+0x6ba5cb]
C  [ucrtbase.dll+0x29333]
C  [KERNEL32.DLL+0x1259d]
C  [ntdll.dll+0x5af58]


---------------  P R O C E S S  ---------------

Threads class SMR info:
_java_thread_list=0x000001e361acd7f0, length=25, elements={
0x000001e33edd8c80, 0x000001e35bc22da0, 0x000001e35bc23ba0, 0x000001e35bc27430,
0x000001e35bc2ae90, 0x000001e35bc2b900, 0x000001e35bc35670, 0x000001e35bc3be50,
0x000001e35bc3c900, 0x000001e3600872a0, 0x000001e36026c990, 0x000001e361bce600,
0x000001e3617eea00, 0x000001e361e75c80, 0x000001e361dec9c0, 0x000001e361decf60,
0x000001e361deda00, 0x000001e361dee4a0, 0x000001e361dee9f0, 0x000001e361deef40,
0x000001e361def490, 0x000001e361def9e0, 0x000001e361deff30, 0x000001e361ded4b0,
0x000001e3618fc310
}

Java Threads: ( => current thread )
  0x000001e33edd8c80 JavaThread "main" [_thread_blocked, id=25800, stack(0x000000e18cf00000,0x000000e18d000000)]
  0x000001e35bc22da0 JavaThread "Reference Handler" daemon [_thread_blocked, id=15144, stack(0x000000e18d600000,0x000000e18d700000)]
  0x000001e35bc23ba0 JavaThread "Finalizer" daemon [_thread_blocked, id=34560, stack(0x000000e18d700000,0x000000e18d800000)]
  0x000001e35bc27430 JavaThread "Signal Dispatcher" daemon [_thread_blocked, id=30512, stack(0x000000e18d800000,0x000000e18d900000)]
  0x000001e35bc2ae90 JavaThread "Attach Listener" daemon [_thread_blocked, id=18808, stack(0x000000e18d900000,0x000000e18da00000)]
  0x000001e35bc2b900 JavaThread "Service Thread" daemon [_thread_blocked, id=33212, stack(0x000000e18da00000,0x000000e18db00000)]
  0x000001e35bc35670 JavaThread "Monitor Deflation Thread" daemon [_thread_blocked, id=34416, stack(0x000000e18db00000,0x000000e18dc00000)]
=>0x000001e35bc3be50 JavaThread "C2 CompilerThread0" daemon [_thread_in_native, id=26816, stack(0x000000e18dc00000,0x000000e18dd00000)]
  0x000001e35bc3c900 JavaThread "C1 CompilerThread0" daemon [_thread_blocked, id=31612, stack(0x000000e18dd00000,0x000000e18de00000)]
  0x000001e3600872a0 JavaThread "Common-Cleaner" daemon [_thread_blocked, id=33064, stack(0x000000e18de00000,0x000000e18df00000)]
  0x000001e36026c990 JavaThread "Notification Thread" daemon [_thread_blocked, id=12776, stack(0x000000e18df00000,0x000000e18e000000)]
  0x000001e361bce600 JavaThread "Daemon health stats" [_thread_blocked, id=30408, stack(0x000000e18e600000,0x000000e18e700000)]
  0x000001e3617eea00 JavaThread "Incoming local TCP Connector on port 63046" [_thread_in_native, id=32288, stack(0x000000e18e700000,0x000000e18e800000)]
  0x000001e361e75c80 JavaThread "Daemon periodic checks" [_thread_blocked, id=31824, stack(0x000000e18e800000,0x000000e18e900000)]
  0x000001e361dec9c0 JavaThread "Daemon" [_thread_blocked, id=31656, stack(0x000000e18e900000,0x000000e18ea00000)]
  0x000001e361decf60 JavaThread "Handler for socket connection from /127.0.0.1:63046 to /127.0.0.1:63047" [_thread_in_native, id=28348, stack(0x000000e18ea00000,0x000000e18eb00000)]
  0x000001e361deda00 JavaThread "Cancel handler" [_thread_blocked, id=30192, stack(0x000000e18eb00000,0x000000e18ec00000)]
  0x000001e361dee4a0 JavaThread "Daemon worker" [_thread_in_vm, id=28824, stack(0x000000e18ec00000,0x000000e18ed00000)]
  0x000001e361dee9f0 JavaThread "Asynchronous log dispatcher for DefaultDaemonConnection: socket connection from /127.0.0.1:63046 to /127.0.0.1:63047" [_thread_blocked, id=20620, stack(0x000000e18ed00000,0x000000e18ee00000)]
  0x000001e361deef40 JavaThread "Stdin handler" [_thread_blocked, id=31276, stack(0x000000e18ee00000,0x000000e18ef00000)]
  0x000001e361def490 JavaThread "Daemon client event forwarder" [_thread_blocked, id=2352, stack(0x000000e18ef00000,0x000000e18f000000)]
  0x000001e361def9e0 JavaThread "Cache worker for journal cache (C:\Users\rickb\.gradle\caches\journal-1)" [_thread_blocked, id=23852, stack(0x000000e18f000000,0x000000e18f100000)]
  0x000001e361deff30 JavaThread "File lock request listener" [_thread_in_native, id=21120, stack(0x000000e18f100000,0x000000e18f200000)]
  0x000001e361ded4b0 JavaThread "Cache worker for file hash cache (C:\Users\rickb\.gradle\caches\8.13\fileHashes)" [_thread_blocked, id=22304, stack(0x000000e18f200000,0x000000e18f300000)]
  0x000001e3618fc310 JavaThread "C2 CompilerThread1" daemon [_thread_blocked, id=33776, stack(0x000000e18f700000,0x000000e18f800000)]

Other Threads:
  0x000001e35bc01b70 VMThread "VM Thread" [stack: 0x000000e18d500000,0x000000e18d600000] [id=12804]
  0x000001e360271700 WatcherThread "VM Periodic Task Thread" [stack: 0x000000e18e000000,0x000000e18e100000] [id=27208]
  0x000001e33ee38b30 WorkerThread "GC Thread#0" [stack: 0x000000e18d000000,0x000000e18d100000] [id=35432]
  0x000001e3605fc7e0 WorkerThread "GC Thread#1" [stack: 0x000000e18e100000,0x000000e18e200000] [id=32176]
  0x000001e3603d4b00 WorkerThread "GC Thread#2" [stack: 0x000000e18e200000,0x000000e18e300000] [id=25648]
  0x000001e3603d3a20 WorkerThread "GC Thread#3" [stack: 0x000000e18e300000,0x000000e18e400000] [id=32840]
  0x000001e3603d3fc0 WorkerThread "GC Thread#4" [stack: 0x000000e18e400000,0x000000e18e500000] [id=3428]
  0x000001e3603d4dd0 WorkerThread "GC Thread#5" [stack: 0x000000e18e500000,0x000000e18e600000] [id=10940]
  0x000001e3612b0f80 WorkerThread "GC Thread#6" [stack: 0x000000e18f300000,0x000000e18f400000] [id=29460]
  0x000001e3612b1250 WorkerThread "GC Thread#7" [stack: 0x000000e18f400000,0x000000e18f500000] [id=32048]
  0x000001e3612b28d0 WorkerThread "GC Thread#8" [stack: 0x000000e18f500000,0x000000e18f600000] [id=31168]
  0x000001e3612b44f0 WorkerThread "GC Thread#9" [stack: 0x000000e18f600000,0x000000e18f700000] [id=26032]
  0x000001e33ee4aff0 ConcurrentGCThread "G1 Main Marker" [stack: 0x000000e18d100000,0x000000e18d200000] [id=30128]
  0x000001e33ee4ba20 WorkerThread "G1 Conc#0" [stack: 0x000000e18d200000,0x000000e18d300000] [id=34896]
  0x000001e35bac3520 ConcurrentGCThread "G1 Refine#0" [stack: 0x000000e18d300000,0x000000e18d400000] [id=34460]
  0x000001e35bac3ed0 ConcurrentGCThread "G1 Service" [stack: 0x000000e18d400000,0x000000e18d500000] [id=31484]

Threads with active compile tasks:
C2 CompilerThread0     3350 2597   !   4       java.lang.ClassLoader::loadClass (121 bytes)

VM state: not at safepoint (normal execution)

VM Mutex/Monitor currently owned by a thread: None

Heap address: 0x0000000080000000, size: 2048 MB, Compressed Oops mode: 32-bit

CDS archive(s) mapped at: [0x0000000800000000-0x0000000800c60000-0x0000000800c60000), size 12976128, SharedBaseAddress: 0x0000000800000000, ArchiveRelocationMode: 0.
Compressed class space mapped at: 0x0000000801000000-0x000000081ac00000, reserved size: 432013312
Narrow klass base: 0x0000000800000000, Narrow klass shift: 0, Narrow klass range: 0x100000000

GC Precious Log:
 CardTable entry size: 512
 Card Set container configuration: InlinePtr #cards 5 size 8 Array Of Cards #cards 12 size 40 Howl #buckets 4 coarsen threshold 1843 Howl Bitmap #cards 512 size 80 coarsen threshold 460 Card regions per heap region 1 cards per card region 2048
 CPUs: 12 total, 12 available
 Memory: 5996M
 Large Page Support: Disabled
 NUMA Support: Disabled
 Compressed Oops: Enabled (32-bit)
 Heap Region Size: 1M
 Heap Min Capacity: 8M
 Heap Initial Capacity: 94M
 Heap Max Capacity: 2G
 Pre-touch: Disabled
 Parallel Workers: 10
 Concurrent Workers: 3
 Concurrent Refinement Workers: 10
 Periodic GC: Disabled

Heap:
 garbage-first heap   total 96256K, used 28484K [0x0000000080000000, 0x0000000100000000)
  region size 1024K, 14 young (14336K), 6 survivors (6144K)
 Metaspace       used 16552K, committed 17088K, reserved 487424K
  class space    used 2276K, committed 2496K, reserved 421888K

Heap Regions: E=young(eden), S=young(survivor), O=old, HS=humongous(starts), HC=humongous(continues), CS=collection set, F=free, OA=open archive, CA=closed archive, TAMS=top-at-mark-start, PB=parsable bottom
|   0|0x0000000080000000, 0x0000000080100000, 0x0000000080100000|100%|HS|  |TAMS 0x0000000080000000| PB 0x0000000080000000| Complete 
|   1|0x0000000080100000, 0x0000000080200000, 0x0000000080200000|100%|HC|  |TAMS 0x0000000080100000| PB 0x0000000080100000| Complete 
|   2|0x0000000080200000, 0x0000000080300000, 0x0000000080300000|100%|HC|  |TAMS 0x0000000080200000| PB 0x0000000080200000| Complete 
|   3|0x0000000080300000, 0x0000000080400000, 0x0000000080400000|100%| O|  |TAMS 0x0000000080300000| PB 0x0000000080300000| Untracked 
|   4|0x0000000080400000, 0x0000000080500000, 0x0000000080500000|100%| O|  |TAMS 0x0000000080400000| PB 0x0000000080400000| Untracked 
|   5|0x0000000080500000, 0x0000000080600000, 0x0000000080600000|100%| O|  |TAMS 0x0000000080500000| PB 0x0000000080500000| Untracked 
|   6|0x0000000080600000, 0x0000000080700000, 0x0000000080700000|100%|HS|  |TAMS 0x0000000080600000| PB 0x0000000080600000| Complete 
|   7|0x0000000080700000, 0x0000000080800000, 0x0000000080800000|100%| O|  |TAMS 0x0000000080700000| PB 0x0000000080700000| Untracked 
|   8|0x0000000080800000, 0x0000000080900000, 0x0000000080900000|100%| O|  |TAMS 0x0000000080800000| PB 0x0000000080800000| Untracked 
|   9|0x0000000080900000, 0x0000000080a00000, 0x0000000080a00000|100%| O|  |TAMS 0x0000000080900000| PB 0x0000000080900000| Untracked 
|  10|0x0000000080a00000, 0x0000000080b00000, 0x0000000080b00000|100%| O|  |TAMS 0x0000000080a00000| PB 0x0000000080a00000| Untracked 
|  11|0x0000000080b00000, 0x0000000080c00000, 0x0000000080c00000|100%| O|  |TAMS 0x0000000080b00000| PB 0x0000000080b00000| Untracked 
|  12|0x0000000080c00000, 0x0000000080d00000, 0x0000000080d00000|100%| O|  |TAMS 0x0000000080c00000| PB 0x0000000080c00000| Untracked 
|  13|0x0000000080d00000, 0x0000000080e00000, 0x0000000080e00000|100%| O|  |TAMS 0x0000000080d00000| PB 0x0000000080d00000| Untracked 
|  14|0x0000000080e00000, 0x0000000080f00000, 0x0000000080f00000|100%| O|  |TAMS 0x0000000080e00000| PB 0x0000000080e00000| Untracked 
|  15|0x0000000080f00000, 0x0000000080fc0000, 0x0000000081000000| 75%| O|  |TAMS 0x0000000080f00000| PB 0x0000000080f00000| Untracked 
|  16|0x0000000081000000, 0x0000000081000000, 0x0000000081100000|  0%| F|  |TAMS 0x0000000081000000| PB 0x0000000081000000| Untracked 
|  17|0x0000000081100000, 0x0000000081100000, 0x0000000081200000|  0%| F|  |TAMS 0x0000000081100000| PB 0x0000000081100000| Untracked 
|  18|0x0000000081200000, 0x0000000081200000, 0x0000000081300000|  0%| F|  |TAMS 0x0000000081200000| PB 0x0000000081200000| Untracked 
|  19|0x0000000081300000, 0x0000000081300000, 0x0000000081400000|  0%| F|  |TAMS 0x0000000081300000| PB 0x0000000081300000| Untracked 
|  20|0x0000000081400000, 0x0000000081400000, 0x0000000081500000|  0%| F|  |TAMS 0x0000000081400000| PB 0x0000000081400000| Untracked 
|  21|0x0000000081500000, 0x0000000081500000, 0x0000000081600000|  0%| F|  |TAMS 0x0000000081500000| PB 0x0000000081500000| Untracked 
|  22|0x0000000081600000, 0x0000000081600000, 0x0000000081700000|  0%| F|  |TAMS 0x0000000081600000| PB 0x0000000081600000| Untracked 
|  23|0x0000000081700000, 0x0000000081700000, 0x0000000081800000|  0%| F|  |TAMS 0x0000000081700000| PB 0x0000000081700000| Untracked 
|  24|0x0000000081800000, 0x0000000081800000, 0x0000000081900000|  0%| F|  |TAMS 0x0000000081800000| PB 0x0000000081800000| Untracked 
|  25|0x0000000081900000, 0x0000000081900000, 0x0000000081a00000|  0%| F|  |TAMS 0x0000000081900000| PB 0x0000000081900000| Untracked 
|  26|0x0000000081a00000, 0x0000000081a00000, 0x0000000081b00000|  0%| F|  |TAMS 0x0000000081a00000| PB 0x0000000081a00000| Untracked 
|  27|0x0000000081b00000, 0x0000000081b00000, 0x0000000081c00000|  0%| F|  |TAMS 0x0000000081b00000| PB 0x0000000081b00000| Untracked 
|  28|0x0000000081c00000, 0x0000000081c00000, 0x0000000081d00000|  0%| F|  |TAMS 0x0000000081c00000| PB 0x0000000081c00000| Untracked 
|  29|0x0000000081d00000, 0x0000000081d00000, 0x0000000081e00000|  0%| F|  |TAMS 0x0000000081d00000| PB 0x0000000081d00000| Untracked 
|  30|0x0000000081e00000, 0x0000000081e00000, 0x0000000081f00000|  0%| F|  |TAMS 0x0000000081e00000| PB 0x0000000081e00000| Untracked 
|  31|0x0000000081f00000, 0x0000000081f00000, 0x0000000082000000|  0%| F|  |TAMS 0x0000000081f00000| PB 0x0000000081f00000| Untracked 
|  32|0x0000000082000000, 0x0000000082011320, 0x0000000082100000|  6%| S|CS|TAMS 0x0000000082000000| PB 0x0000000082000000| Complete 
|  33|0x0000000082100000, 0x0000000082200000, 0x0000000082200000|100%| S|CS|TAMS 0x0000000082100000| PB 0x0000000082100000| Complete 
|  34|0x0000000082200000, 0x0000000082300000, 0x0000000082300000|100%| S|CS|TAMS 0x0000000082200000| PB 0x0000000082200000| Complete 
|  35|0x0000000082300000, 0x0000000082400000, 0x0000000082400000|100%| S|CS|TAMS 0x0000000082300000| PB 0x0000000082300000| Complete 
|  36|0x0000000082400000, 0x0000000082500000, 0x0000000082500000|100%| S|CS|TAMS 0x0000000082400000| PB 0x0000000082400000| Complete 
|  37|0x0000000082500000, 0x0000000082600000, 0x0000000082600000|100%| S|CS|TAMS 0x0000000082500000| PB 0x0000000082500000| Complete 
|  38|0x0000000082600000, 0x0000000082600000, 0x0000000082700000|  0%| F|  |TAMS 0x0000000082600000| PB 0x0000000082600000| Untracked 
|  39|0x0000000082700000, 0x0000000082700000, 0x0000000082800000|  0%| F|  |TAMS 0x0000000082700000| PB 0x0000000082700000| Untracked 
|  40|0x0000000082800000, 0x0000000082800000, 0x0000000082900000|  0%| F|  |TAMS 0x0000000082800000| PB 0x0000000082800000| Untracked 
|  41|0x0000000082900000, 0x0000000082900000, 0x0000000082a00000|  0%| F|  |TAMS 0x0000000082900000| PB 0x0000000082900000| Untracked 
|  42|0x0000000082a00000, 0x0000000082a00000, 0x0000000082b00000|  0%| F|  |TAMS 0x0000000082a00000| PB 0x0000000082a00000| Untracked 
|  43|0x0000000082b00000, 0x0000000082b00000, 0x0000000082c00000|  0%| F|  |TAMS 0x0000000082b00000| PB 0x0000000082b00000| Untracked 
|  44|0x0000000082c00000, 0x0000000082c00000, 0x0000000082d00000|  0%| F|  |TAMS 0x0000000082c00000| PB 0x0000000082c00000| Untracked 
|  45|0x0000000082d00000, 0x0000000082d00000, 0x0000000082e00000|  0%| F|  |TAMS 0x0000000082d00000| PB 0x0000000082d00000| Untracked 
|  46|0x0000000082e00000, 0x0000000082e00000, 0x0000000082f00000|  0%| F|  |TAMS 0x0000000082e00000| PB 0x0000000082e00000| Untracked 
|  47|0x0000000082f00000, 0x0000000082f00000, 0x0000000083000000|  0%| F|  |TAMS 0x0000000082f00000| PB 0x0000000082f00000| Untracked 
|  48|0x0000000083000000, 0x0000000083000000, 0x0000000083100000|  0%| F|  |TAMS 0x0000000083000000| PB 0x0000000083000000| Untracked 
|  49|0x0000000083100000, 0x0000000083100000, 0x0000000083200000|  0%| F|  |TAMS 0x0000000083100000| PB 0x0000000083100000| Untracked 
|  50|0x0000000083200000, 0x0000000083200000, 0x0000000083300000|  0%| F|  |TAMS 0x0000000083200000| PB 0x0000000083200000| Untracked 
|  51|0x0000000083300000, 0x0000000083300000, 0x0000000083400000|  0%| F|  |TAMS 0x0000000083300000| PB 0x0000000083300000| Untracked 
|  52|0x0000000083400000, 0x0000000083400000, 0x0000000083500000|  0%| F|  |TAMS 0x0000000083400000| PB 0x0000000083400000| Untracked 
|  53|0x0000000083500000, 0x0000000083500000, 0x0000000083600000|  0%| F|  |TAMS 0x0000000083500000| PB 0x0000000083500000| Untracked 
|  54|0x0000000083600000, 0x0000000083600000, 0x0000000083700000|  0%| F|  |TAMS 0x0000000083600000| PB 0x0000000083600000| Untracked 
|  55|0x0000000083700000, 0x0000000083700000, 0x0000000083800000|  0%| F|  |TAMS 0x0000000083700000| PB 0x0000000083700000| Untracked 
|  56|0x0000000083800000, 0x0000000083800000, 0x0000000083900000|  0%| F|  |TAMS 0x0000000083800000| PB 0x0000000083800000| Untracked 
|  57|0x0000000083900000, 0x0000000083900000, 0x0000000083a00000|  0%| F|  |TAMS 0x0000000083900000| PB 0x0000000083900000| Untracked 
|  58|0x0000000083a00000, 0x0000000083a00000, 0x0000000083b00000|  0%| F|  |TAMS 0x0000000083a00000| PB 0x0000000083a00000| Untracked 
|  59|0x0000000083b00000, 0x0000000083b00000, 0x0000000083c00000|  0%| F|  |TAMS 0x0000000083b00000| PB 0x0000000083b00000| Untracked 
|  60|0x0000000083c00000, 0x0000000083c00000, 0x0000000083d00000|  0%| F|  |TAMS 0x0000000083c00000| PB 0x0000000083c00000| Untracked 
|  61|0x0000000083d00000, 0x0000000083d00000, 0x0000000083e00000|  0%| F|  |TAMS 0x0000000083d00000| PB 0x0000000083d00000| Untracked 
|  62|0x0000000083e00000, 0x0000000083e00000, 0x0000000083f00000|  0%| F|  |TAMS 0x0000000083e00000| PB 0x0000000083e00000| Untracked 
|  63|0x0000000083f00000, 0x0000000083f00000, 0x0000000084000000|  0%| F|  |TAMS 0x0000000083f00000| PB 0x0000000083f00000| Untracked 
|  64|0x0000000084000000, 0x0000000084000000, 0x0000000084100000|  0%| F|  |TAMS 0x0000000084000000| PB 0x0000000084000000| Untracked 
|  65|0x0000000084100000, 0x0000000084100000, 0x0000000084200000|  0%| F|  |TAMS 0x0000000084100000| PB 0x0000000084100000| Untracked 
|  66|0x0000000084200000, 0x0000000084200000, 0x0000000084300000|  0%| F|  |TAMS 0x0000000084200000| PB 0x0000000084200000| Untracked 
|  67|0x0000000084300000, 0x0000000084300000, 0x0000000084400000|  0%| F|  |TAMS 0x0000000084300000| PB 0x0000000084300000| Untracked 
|  68|0x0000000084400000, 0x0000000084400000, 0x0000000084500000|  0%| F|  |TAMS 0x0000000084400000| PB 0x0000000084400000| Untracked 
|  69|0x0000000084500000, 0x0000000084500000, 0x0000000084600000|  0%| F|  |TAMS 0x0000000084500000| PB 0x0000000084500000| Untracked 
|  70|0x0000000084600000, 0x0000000084600000, 0x0000000084700000|  0%| F|  |TAMS 0x0000000084600000| PB 0x0000000084600000| Untracked 
|  71|0x0000000084700000, 0x0000000084700000, 0x0000000084800000|  0%| F|  |TAMS 0x0000000084700000| PB 0x0000000084700000| Untracked 
|  72|0x0000000084800000, 0x0000000084800000, 0x0000000084900000|  0%| F|  |TAMS 0x0000000084800000| PB 0x0000000084800000| Untracked 
|  73|0x0000000084900000, 0x0000000084900000, 0x0000000084a00000|  0%| F|  |TAMS 0x0000000084900000| PB 0x0000000084900000| Untracked 
|  74|0x0000000084a00000, 0x0000000084a00000, 0x0000000084b00000|  0%| F|  |TAMS 0x0000000084a00000| PB 0x0000000084a00000| Untracked 
|  75|0x0000000084b00000, 0x0000000084b00000, 0x0000000084c00000|  0%| F|  |TAMS 0x0000000084b00000| PB 0x0000000084b00000| Untracked 
|  76|0x0000000084c00000, 0x0000000084c00000, 0x0000000084d00000|  0%| F|  |TAMS 0x0000000084c00000| PB 0x0000000084c00000| Untracked 
|  77|0x0000000084d00000, 0x0000000084d00000, 0x0000000084e00000|  0%| F|  |TAMS 0x0000000084d00000| PB 0x0000000084d00000| Untracked 
|  78|0x0000000084e00000, 0x0000000084e00000, 0x0000000084f00000|  0%| F|  |TAMS 0x0000000084e00000| PB 0x0000000084e00000| Untracked 
|  79|0x0000000084f00000, 0x0000000084f00000, 0x0000000085000000|  0%| F|  |TAMS 0x0000000084f00000| PB 0x0000000084f00000| Untracked 
|  80|0x0000000085000000, 0x0000000085000000, 0x0000000085100000|  0%| F|  |TAMS 0x0000000085000000| PB 0x0000000085000000| Untracked 
|  81|0x0000000085100000, 0x0000000085100000, 0x0000000085200000|  0%| F|  |TAMS 0x0000000085100000| PB 0x0000000085100000| Untracked 
|  82|0x0000000085200000, 0x0000000085200000, 0x0000000085300000|  0%| F|  |TAMS 0x0000000085200000| PB 0x0000000085200000| Untracked 
|  83|0x0000000085300000, 0x0000000085300000, 0x0000000085400000|  0%| F|  |TAMS 0x0000000085300000| PB 0x0000000085300000| Untracked 
|  84|0x0000000085400000, 0x0000000085400000, 0x0000000085500000|  0%| F|  |TAMS 0x0000000085400000| PB 0x0000000085400000| Untracked 
|  85|0x0000000085500000, 0x0000000085500000, 0x0000000085600000|  0%| F|  |TAMS 0x0000000085500000| PB 0x0000000085500000| Untracked 
|  86|0x0000000085600000, 0x000000008566c418, 0x0000000085700000| 42%| E|  |TAMS 0x0000000085600000| PB 0x0000000085600000| Complete 
|  87|0x0000000085700000, 0x0000000085800000, 0x0000000085800000|100%| E|CS|TAMS 0x0000000085700000| PB 0x0000000085700000| Complete 
|  88|0x0000000085800000, 0x0000000085900000, 0x0000000085900000|100%| E|CS|TAMS 0x0000000085800000| PB 0x0000000085800000| Complete 
|  89|0x0000000085900000, 0x0000000085a00000, 0x0000000085a00000|100%| E|CS|TAMS 0x0000000085900000| PB 0x0000000085900000| Complete 
|  90|0x0000000085a00000, 0x0000000085b00000, 0x0000000085b00000|100%| E|CS|TAMS 0x0000000085a00000| PB 0x0000000085a00000| Complete 
|  91|0x0000000085b00000, 0x0000000085c00000, 0x0000000085c00000|100%| E|CS|TAMS 0x0000000085b00000| PB 0x0000000085b00000| Complete 
|  92|0x0000000085c00000, 0x0000000085d00000, 0x0000000085d00000|100%| E|CS|TAMS 0x0000000085c00000| PB 0x0000000085c00000| Complete 
|  93|0x0000000085d00000, 0x0000000085e00000, 0x0000000085e00000|100%| E|CS|TAMS 0x0000000085d00000| PB 0x0000000085d00000| Complete 

Card table byte_map: [0x000001e3567e0000,0x000001e356be0000] _byte_map_base: 0x000001e3563e0000

Marking Bits: (CMBitMap*) 0x000001e33ee3a570
 Bits: [0x000001e356fe0000, 0x000001e358fe0000)

Polling page: 0x000001e33cc40000

Metaspace:

Usage:
  Non-class:     13.97 MB used.
      Class:      2.23 MB used.
       Both:     16.19 MB used.

Virtual space:
  Non-class space:       64.00 MB reserved,      14.25 MB ( 22%) committed,  1 nodes.
      Class space:      412.00 MB reserved,       2.44 MB ( <1%) committed,  1 nodes.
             Both:      476.00 MB reserved,      16.69 MB (  4%) committed. 

Chunk freelists:
   Non-Class:  1.70 MB
       Class:  1.57 MB
        Both:  3.27 MB

MaxMetaspaceSize: 512.00 MB
CompressedClassSpaceSize: 412.00 MB
Initial GC threshold: 21.00 MB
Current GC threshold: 21.00 MB
CDS: on
MetaspaceReclaimPolicy: balanced
 - commit_granule_bytes: 65536.
 - commit_granule_words: 8192.
 - virtual_space_node_default_size: 8388608.
 - enlarge_chunks_in_place: 1.
 - new_chunks_are_fully_committed: 0.
 - uncommit_free_chunks: 1.
 - use_allocation_guard: 0.


Internal statistics:

num_allocs_failed_limit: 0.
num_arena_births: 608.
num_arena_deaths: 0.
num_vsnodes_births: 2.
num_vsnodes_deaths: 0.
num_space_committed: 267.
num_space_uncommitted: 0.
num_chunks_returned_to_freelist: 0.
num_chunks_taken_from_freelist: 1189.
num_chunk_merges: 0.
num_chunk_splits: 770.
num_chunks_enlarged: 538.
num_inconsistent_stats: 0.

CodeHeap 'non-profiled nmethods': size=120000Kb used=1209Kb max_used=1209Kb free=118790Kb
 bounds [0x000001e34e950000, 0x000001e34ebc0000, 0x000001e355e80000]
CodeHeap 'profiled nmethods': size=120000Kb used=5405Kb max_used=5405Kb free=114594Kb
 bounds [0x000001e346e80000, 0x000001e3473d0000, 0x000001e34e3b0000]
CodeHeap 'non-nmethods': size=5760Kb used=1530Kb max_used=1544Kb free=4229Kb
 bounds [0x000001e34e3b0000, 0x000001e34e620000, 0x000001e34e950000]
 total_blobs=3256 nmethods=2705 adapters=461
 compilation: enabled
              stopped_count=0, restarted_count=0
 full_count=0

Compilation events (20 events):
Event: 3.293 Thread 0x000001e35bc3c900 nmethod 2685 0x000001e3473c1710 code [0x000001e3473c18e0, 0x000001e3473c1de0]
Event: 3.293 Thread 0x000001e35bc3c900 2686       3       java.lang.invoke.LambdaFormEditor::filterArgumentForm (121 bytes)
Event: 3.293 Thread 0x000001e3618fc310 2687       4       java.util.ArrayList::grow (60 bytes)
Event: 3.294 Thread 0x000001e35bc3c900 nmethod 2686 0x000001e3473c2010 code [0x000001e3473c2200, 0x000001e3473c25d0]
Event: 3.298 Thread 0x000001e3618fc310 nmethod 2687 0x000001e34ea7ac10 code [0x000001e34ea7ada0, 0x000001e34ea7b3e8]
Event: 3.302 Thread 0x000001e3618fc310 2688       4       java.util.concurrent.ConcurrentHashMap::get (162 bytes)
Event: 3.305 Thread 0x000001e3618fc310 nmethod 2688 0x000001e34ea7bb90 code [0x000001e34ea7bd20, 0x000001e34ea7c000]
Event: 3.306 Thread 0x000001e3618fc310 2691       4       java.lang.Class::cast (27 bytes)
Event: 3.306 Thread 0x000001e3618fc310 nmethod 2691 0x000001e34ea7c290 code [0x000001e34ea7c400, 0x000001e34ea7c508]
Event: 3.312 Thread 0x000001e3618fc310 2693       4       jdk.internal.org.objectweb.asm.Frame::pop (46 bytes)
Event: 3.313 Thread 0x000001e35bc3c900 2694       3       jdk.internal.org.objectweb.asm.AnnotationWriter::computeAnnotationsSize (42 bytes)
Event: 3.313 Thread 0x000001e35bc3c900 nmethod 2694 0x000001e3473c2810 code [0x000001e3473c29c0, 0x000001e3473c2c10]
Event: 3.313 Thread 0x000001e3618fc310 nmethod 2693 0x000001e34ea7c910 code [0x000001e34ea7ca80, 0x000001e34ea7cb38]
Event: 3.313 Thread 0x000001e35bc3c900 2695       3       java.lang.invoke.InvokerBytecodeGenerator::loadMethod (36 bytes)
Event: 3.313 Thread 0x000001e35bc3c900 nmethod 2695 0x000001e3473c2d90 code [0x000001e3473c2f60, 0x000001e3473c3268]
Event: 3.313 Thread 0x000001e35bc3c900 2696       3       java.lang.invoke.InvokerBytecodeGenerator::<init> (12 bytes)
Event: 3.314 Thread 0x000001e35bc3c900 nmethod 2696 0x000001e3473c3410 code [0x000001e3473c35c0, 0x000001e3473c3768]
Event: 3.314 Thread 0x000001e35bc3c900 2697       3       java.lang.invoke.InvokerBytecodeGenerator::generateCustomizedCodeBytes (44 bytes)
Event: 3.314 Thread 0x000001e35bc3c900 nmethod 2697 0x000001e3473c3890 code [0x000001e3473c3a80, 0x000001e3473c3eb0]
Event: 3.314 Thread 0x000001e3618fc310 2698       4       java.lang.ref.Cleaner::register (25 bytes)

GC Heap History (8 events):
Event: 0.487 GC heap before
{Heap before GC invocations=0 (full 0):
 garbage-first heap   total 96256K, used 22528K [0x0000000080000000, 0x0000000100000000)
  region size 1024K, 23 young (23552K), 0 survivors (0K)
 Metaspace       used 1043K, committed 1152K, reserved 487424K
  class space    used 74K, committed 128K, reserved 421888K
}
Event: 0.492 GC heap after
{Heap after GC invocations=1 (full 0):
 garbage-first heap   total 96256K, used 2208K [0x0000000080000000, 0x0000000100000000)
  region size 1024K, 3 young (3072K), 3 survivors (3072K)
 Metaspace       used 1043K, committed 1152K, reserved 487424K
  class space    used 74K, committed 128K, reserved 421888K
}
Event: 1.140 GC heap before
{Heap before GC invocations=1 (full 0):
 garbage-first heap   total 96256K, used 40096K [0x0000000080000000, 0x0000000100000000)
  region size 1024K, 38 young (38912K), 3 survivors (3072K)
 Metaspace       used 4356K, committed 4544K, reserved 487424K
  class space    used 539K, committed 640K, reserved 421888K
}
Event: 1.149 GC heap after
{Heap after GC invocations=2 (full 0):
 garbage-first heap   total 96256K, used 10659K [0x0000000080000000, 0x0000000100000000)
  region size 1024K, 5 young (5120K), 5 survivors (5120K)
 Metaspace       used 4356K, committed 4544K, reserved 487424K
  class space    used 539K, committed 640K, reserved 421888K
}
Event: 1.809 GC heap before
{Heap before GC invocations=2 (full 0):
 garbage-first heap   total 96256K, used 56739K [0x0000000080000000, 0x0000000100000000)
  region size 1024K, 48 young (49152K), 5 survivors (5120K)
 Metaspace       used 4830K, committed 5056K, reserved 487424K
  class space    used 614K, committed 704K, reserved 421888K
}
Event: 1.818 GC heap after
{Heap after GC invocations=3 (full 0):
 garbage-first heap   total 96256K, used 16603K [0x0000000080000000, 0x0000000100000000)
  region size 1024K, 5 young (5120K), 5 survivors (5120K)
 Metaspace       used 4830K, committed 5056K, reserved 487424K
  class space    used 614K, committed 704K, reserved 421888K
}
Event: 3.193 GC heap before
{Heap before GC invocations=3 (full 0):
 garbage-first heap   total 96256K, used 68827K [0x0000000080000000, 0x0000000100000000)
  region size 1024K, 56 young (57344K), 5 survivors (5120K)
 Metaspace       used 15457K, committed 15936K, reserved 487424K
  class space    used 2093K, committed 2304K, reserved 421888K
}
Event: 3.204 GC heap after
{Heap after GC invocations=4 (full 0):
 garbage-first heap   total 96256K, used 21316K [0x0000000080000000, 0x0000000100000000)
  region size 1024K, 6 young (6144K), 6 survivors (6144K)
 Metaspace       used 15457K, committed 15936K, reserved 487424K
  class space    used 2093K, committed 2304K, reserved 421888K
}

Dll operation events (15 events):
Event: 0.018 Loaded shared library C:\Program Files\Java\jdk-20\bin\java.dll
Event: 0.027 Loaded shared library C:\Program Files\Java\jdk-20\bin\jsvml.dll
Event: 0.087 Loaded shared library C:\Program Files\Java\jdk-20\bin\zip.dll
Event: 0.091 Loaded shared library C:\Program Files\Java\jdk-20\bin\instrument.dll
Event: 0.096 Loaded shared library C:\Program Files\Java\jdk-20\bin\net.dll
Event: 0.099 Loaded shared library C:\Program Files\Java\jdk-20\bin\nio.dll
Event: 0.102 Loaded shared library C:\Program Files\Java\jdk-20\bin\zip.dll
Event: 0.423 Loaded shared library C:\Program Files\Java\jdk-20\bin\jimage.dll
Event: 0.605 Loaded shared library C:\Program Files\Java\jdk-20\bin\verify.dll
Event: 0.676 Loaded shared library C:\Users\rickb\.gradle\native\1def1411415f61bf3af743bc5b6707747c0891f09f0c88961ee8f79bc544acac\windows-amd64\native-platform.dll
Event: 0.690 Loaded shared library C:\Users\rickb\.gradle\native\0.2.7\x86_64-windows-gnu\gradle-fileevents.dll
Event: 1.961 Loaded shared library C:\Program Files\Java\jdk-20\bin\management.dll
Event: 1.963 Loaded shared library C:\Program Files\Java\jdk-20\bin\management_ext.dll
Event: 2.175 Loaded shared library C:\Program Files\Java\jdk-20\bin\extnet.dll
Event: 2.411 Loaded shared library C:\Program Files\Java\jdk-20\bin\sunmscapi.dll

Deoptimization events (20 events):
Event: 3.168 Thread 0x000001e361dee4a0 Uncommon trap: trap_request=0xffffff45 fr.pc=0x000001e34ea455e4 relative=0x0000000000000324
Event: 3.168 Thread 0x000001e361dee4a0 Uncommon trap: reason=unstable_if action=reinterpret pc=0x000001e34ea455e4 method=java.lang.invoke.VarHandle.accessModeType(I)Ljava/lang/invoke/MethodType; @ 6 c2
Event: 3.168 Thread 0x000001e361dee4a0 DEOPT PACKING pc=0x000001e34ea455e4 sp=0x000000e18ecfae90
Event: 3.168 Thread 0x000001e361dee4a0 DEOPT UNPACKING pc=0x000001e34e419d22 sp=0x000000e18ecfad70 mode 2
Event: 3.168 Thread 0x000001e361dee4a0 Uncommon trap: trap_request=0xffffff45 fr.pc=0x000001e34ea45004 relative=0x0000000000000084
Event: 3.168 Thread 0x000001e361dee4a0 Uncommon trap: reason=unstable_if action=reinterpret pc=0x000001e34ea45004 method=jdk.internal.misc.Unsafe.convEndian(ZI)I @ 4 c2
Event: 3.168 Thread 0x000001e361dee4a0 DEOPT PACKING pc=0x000001e34ea45004 sp=0x000000e18ecfadd0
Event: 3.168 Thread 0x000001e361dee4a0 DEOPT UNPACKING pc=0x000001e34e419d22 sp=0x000000e18ecfacd8 mode 2
Event: 3.210 Thread 0x000001e361dee4a0 Uncommon trap: trap_request=0xffffff45 fr.pc=0x000001e34e971954 relative=0x0000000000000bd4
Event: 3.210 Thread 0x000001e361dee4a0 Uncommon trap: reason=unstable_if action=reinterpret pc=0x000001e34e971954 method=java.io.WinNTFileSystem.resolve(Ljava/lang/String;Ljava/lang/String;)Ljava/lang/String; @ 19 c2
Event: 3.210 Thread 0x000001e361dee4a0 DEOPT PACKING pc=0x000001e34e971954 sp=0x000000e18ecfb0e0
Event: 3.210 Thread 0x000001e361dee4a0 DEOPT UNPACKING pc=0x000001e34e419d22 sp=0x000000e18ecfb078 mode 2
Event: 3.212 Thread 0x000001e361dee4a0 Uncommon trap: trap_request=0xffffff45 fr.pc=0x000001e34e9d663c relative=0x000000000000059c
Event: 3.212 Thread 0x000001e361dee4a0 Uncommon trap: reason=unstable_if action=reinterpret pc=0x000001e34e9d663c method=java.io.File.getName()Ljava/lang/String; @ 16 c2
Event: 3.212 Thread 0x000001e361dee4a0 DEOPT PACKING pc=0x000001e34e9d663c sp=0x000000e18ecfb0a0
Event: 3.212 Thread 0x000001e361dee4a0 DEOPT UNPACKING pc=0x000001e34e419d22 sp=0x000000e18ecfb070 mode 2
Event: 3.292 Thread 0x000001e361dee4a0 Uncommon trap: trap_request=0xffffff45 fr.pc=0x000001e34e9773e4 relative=0x00000000000000e4
Event: 3.292 Thread 0x000001e361dee4a0 Uncommon trap: reason=unstable_if action=reinterpret pc=0x000001e34e9773e4 method=java.util.HashMap.hash(Ljava/lang/Object;)I @ 1 c2
Event: 3.292 Thread 0x000001e361dee4a0 DEOPT PACKING pc=0x000001e34e9773e4 sp=0x000000e18ecfc200
Event: 3.292 Thread 0x000001e361dee4a0 DEOPT UNPACKING pc=0x000001e34e419d22 sp=0x000000e18ecfc140 mode 2

Classes loaded (20 events):
Event: 3.165 Loading class sun/security/provider/MD5
Event: 3.165 Loading class sun/security/provider/MD5 done
Event: 3.165 Loading class sun/security/provider/SHA5$SHA512
Event: 3.165 Loading class sun/security/provider/SHA5
Event: 3.166 Loading class sun/security/provider/SHA5 done
Event: 3.166 Loading class sun/security/provider/SHA5$SHA512 done
Event: 3.167 Loading class sun/security/provider/ByteArrayAccess$LE
Event: 3.167 Loading class sun/security/provider/ByteArrayAccess$LE done
Event: 3.211 Loading class java/io/File$TempDirectory
Event: 3.211 Loading class java/io/File$TempDirectory done
Event: 3.221 Loading class java/io/PrintWriter
Event: 3.222 Loading class java/io/PrintWriter done
Event: 3.258 Loading class java/util/concurrent/Semaphore
Event: 3.259 Loading class java/util/concurrent/Semaphore done
Event: 3.261 Loading class java/nio/file/FileVisitOption
Event: 3.264 Loading class java/nio/file/FileVisitOption done
Event: 3.267 Loading class java/util/stream/ReduceOps$1
Event: 3.269 Loading class java/util/stream/ReduceOps$1 done
Event: 3.269 Loading class java/util/stream/ReduceOps$1ReducingSink
Event: 3.270 Loading class java/util/stream/ReduceOps$1ReducingSink done

Classes unloaded (0 events):
No events

Classes redefined (0 events):
No events

Internal exceptions (20 events):
Event: 2.542 Thread 0x000001e361dec9c0 Exception <a 'java/lang/NoSuchMethodError'{0x000000008460f908}: 'void java.lang.invoke.DirectMethodHandle$Holder.invokeSpecial(java.lang.Object, java.lang.Object, java.lang.Object)'> (0x000000008460f908) 
thrown [s\open\src\hotspot\share\interpreter\linkResolver.cpp, line 773]
Event: 2.627 Thread 0x000001e361dee4a0 Exception <a 'java/lang/NoSuchMethodError'{0x0000000084227390}: 'long java.lang.invoke.DirectMethodHandle$Holder.invokeInterface(java.lang.Object, java.lang.Object)'> (0x0000000084227390) 
thrown [s\open\src\hotspot\share\interpreter\linkResolver.cpp, line 773]
Event: 2.703 Thread 0x000001e361dee4a0 Exception <a 'java/lang/NoSuchMethodError'{0x0000000083e98c18}: 'void java.lang.invoke.DirectMethodHandle$Holder.invokeStatic(java.lang.Object, java.lang.Object)'> (0x0000000083e98c18) 
thrown [s\open\src\hotspot\share\interpreter\linkResolver.cpp, line 773]
Event: 2.709 Thread 0x000001e361dee4a0 Exception <a 'java/lang/NoSuchMethodError'{0x0000000083edd4e0}: 'java.lang.Object java.lang.invoke.DirectMethodHandle$Holder.invokeVirtual(java.lang.Object, java.lang.Object, java.lang.Object, java.lang.Object, java.lang.Object, java.lang.Object, java.lang.Object, java.lang.Object, java.lang.Object, java.lang.Object, java.lang.Object, java.lang.Object)'> (0x0000000083edd4e0) 
thrown [s\open\src\hotspot\share\interpreter\linkResolver.cpp, line 773]
Event: 2.709 Thread 0x000001e361dee4a0 Exception <a 'java/lang/NoSuchMethodError'{0x0000000083ee2458}: 'java.lang.Object java.lang.invoke.DirectMethodHandle$Holder.invokeSpecial(java.lang.Object, java.lang.Object, java.lang.Object, java.lang.Object, java.lang.Object, java.lang.Object, java.lang.Object, java.lang.Object, java.lang.Object, java.lang.Object, java.lang.Object, java.lang.Object, java.lang.Object)'> (0x0000000083ee2458) 
thrown [s\open\src\hotspot\share\interpreter\linkResolver.cpp, line 773]
Event: 2.747 Thread 0x000001e361dee4a0 Exception <a 'java/lang/NoSuchMethodError'{0x0000000083cdd398}: 'int java.lang.invoke.DirectMethodHandle$Holder.invokeVirtual(java.lang.Object, java.lang.Object, java.lang.Object)'> (0x0000000083cdd398) 
thrown [s\open\src\hotspot\share\interpreter\linkResolver.cpp, line 773]
Event: 2.777 Thread 0x000001e361dee4a0 Exception <a 'java/lang/NoSuchMethodError'{0x0000000083947558}: 'java.lang.Object java.lang.invoke.DirectMethodHandle$Holder.newInvokeSpecial(java.lang.Object, java.lang.Object, java.lang.Object, java.lang.Object, java.lang.Object, java.lang.Object)'> (0x0000000083947558) 
thrown [s\open\src\hotspot\share\interpreter\linkResolver.cpp, line 773]
Event: 2.847 Thread 0x000001e361dee4a0 Exception <a 'java/lang/NoSuchMethodError'{0x0000000083624dd8}: 'void java.lang.invoke.DelegatingMethodHandle$Holder.reinvoke_L(java.lang.Object, java.lang.Object, java.lang.Object, java.lang.Object, java.lang.Object, java.lang.Object, java.lang.Object, java.lang.Object, java.lang.Object, java.lang.Object)'> (0x0000000083624dd8) 
thrown [s\open\src\hotspot\share\interpreter\linkResolver.cpp, line 773]
Event: 2.848 Thread 0x000001e361dee4a0 Exception <a 'java/lang/NoSuchMethodError'{0x000000008362c7d8}: 'java.lang.Object java.lang.invoke.Invokers$Holder.invoker(java.lang.Object, java.lang.Object, java.lang.Object, java.lang.Object, java.lang.Object, java.lang.Object, java.lang.Object, java.lang.Object, java.lang.Object, java.lang.Object)'> (0x000000008362c7d8) 
thrown [s\open\src\hotspot\share\interpreter\linkResolver.cpp, line 773]
Event: 3.088 Thread 0x000001e361dee4a0 Exception <a 'java/lang/NoSuchMethodError'{0x0000000083042bb0}: 'void java.lang.invoke.DirectMethodHandle$Holder.invokeInterface(java.lang.Object, java.lang.Object)'> (0x0000000083042bb0) 
thrown [s\open\src\hotspot\share\interpreter\linkResolver.cpp, line 773]
Event: 3.088 Thread 0x000001e361dee4a0 Exception <a 'java/lang/IncompatibleClassChangeError'{0x0000000083046110}: Found class java.lang.Object, but interface was expected> (0x0000000083046110) 
thrown [s\open\src\hotspot\share\interpreter\linkResolver.cpp, line 840]
Event: 3.111 Thread 0x000001e361dee4a0 Exception <a 'java/lang/NoSuchMethodError'{0x0000000082f6bf78}: 'java.lang.Object java.lang.invoke.DirectMethodHandle$Holder.newInvokeSpecial(java.lang.Object, java.lang.Object, int)'> (0x0000000082f6bf78) 
thrown [s\open\src\hotspot\share\interpreter\linkResolver.cpp, line 773]
Event: 3.168 Thread 0x000001e361dee4a0 Implicit null exception at 0x000001e34ea45300 to 0x000001e34ea455b4
Event: 3.177 Thread 0x000001e361dee4a0 Exception <a 'java/lang/NoSuchMethodError'{0x0000000082664530}: 'java.lang.Object java.lang.invoke.DirectMethodHandle$Holder.invokeVirtual(java.lang.Object, java.lang.Object, java.lang.Object, java.lang.Object, java.lang.Object, java.lang.Object, java.lang.Object, java.lang.Object)'> (0x0000000082664530) 
thrown [s\open\src\hotspot\share\interpreter\linkResolver.cpp, line 773]
Event: 3.206 Thread 0x000001e361dee4a0 Exception <a 'java/lang/NoSuchMethodError'{0x0000000085d31dc0}: 'java.lang.Object java.lang.invoke.DirectMethodHandle$Holder.invokeVirtual(java.lang.Object, java.lang.Object, java.lang.Object, java.lang.Object, java.lang.Object, java.lang.Object, java.lang.Object, java.lang.Object, java.lang.Object, java.lang.Object)'> (0x0000000085d31dc0) 
thrown [s\open\src\hotspot\share\interpreter\linkResolver.cpp, line 773]
Event: 3.241 Thread 0x000001e361dee4a0 Exception <a 'java/lang/NoSuchMethodError'{0x0000000085c878d8}: 'java.lang.Object java.lang.invoke.DirectMethodHandle$Holder.invokeInterface(java.lang.Object, java.lang.Object, java.lang.Object)'> (0x0000000085c878d8) 
thrown [s\open\src\hotspot\share\interpreter\linkResolver.cpp, line 773]
Event: 3.265 Thread 0x000001e361dee4a0 Exception <a 'java/lang/NoSuchMethodError'{0x0000000085baf4a0}: 'int java.lang.invoke.DirectMethodHandle$Holder.invokeSpecialIFC(java.lang.Object, java.lang.Object, java.lang.Object, java.lang.Object)'> (0x0000000085baf4a0) 
thrown [s\open\src\hotspot\share\interpreter\linkResolver.cpp, line 773]
Event: 3.267 Thread 0x000001e361dee4a0 Exception <a 'java/lang/IncompatibleClassChangeError'{0x0000000085bbe2b8}: Found class java.lang.Object, but interface was expected> (0x0000000085bbe2b8) 
thrown [s\open\src\hotspot\share\interpreter\linkResolver.cpp, line 840]
Event: 3.292 Thread 0x000001e361dee4a0 Implicit null exception at 0x000001e34e977346 to 0x000001e34e9773da
Event: 3.309 Thread 0x000001e361dee4a0 Exception <a 'java/lang/NoSuchMethodError'{0x00000000859bb8e8}: 'int java.lang.invoke.DirectMethodHandle$Holder.invokeStatic(java.lang.Object, java.lang.Object, java.lang.Object, java.lang.Object)'> (0x00000000859bb8e8) 
thrown [s\open\src\hotspot\share\interpreter\linkResolver.cpp, line 773]

VM Operations (20 events):
Event: 1.999 Executing VM operation: HandshakeAllThreads
Event: 1.999 Executing VM operation: HandshakeAllThreads done
Event: 2.029 Executing VM operation: HandshakeAllThreads
Event: 2.029 Executing VM operation: HandshakeAllThreads done
Event: 2.170 Executing VM operation: HandshakeAllThreads
Event: 2.170 Executing VM operation: HandshakeAllThreads done
Event: 2.190 Executing VM operation: HandshakeAllThreads
Event: 2.190 Executing VM operation: HandshakeAllThreads done
Event: 2.225 Executing VM operation: HandshakeAllThreads
Event: 2.225 Executing VM operation: HandshakeAllThreads done
Event: 2.277 Executing VM operation: HandshakeAllThreads
Event: 2.277 Executing VM operation: HandshakeAllThreads done
Event: 2.420 Executing VM operation: HandshakeAllThreads
Event: 2.420 Executing VM operation: HandshakeAllThreads done
Event: 2.535 Executing VM operation: ICBufferFull
Event: 2.536 Executing VM operation: ICBufferFull done
Event: 3.109 Executing VM operation: HandshakeAllThreads
Event: 3.109 Executing VM operation: HandshakeAllThreads done
Event: 3.193 Executing VM operation: G1CollectForAllocation
Event: 3.204 Executing VM operation: G1CollectForAllocation done

Events (20 events):
Event: 0.042 Thread 0x000001e35bc2b900 Thread added: 0x000001e35bc2b900
Event: 0.042 Thread 0x000001e35bc35670 Thread added: 0x000001e35bc35670
Event: 0.042 Thread 0x000001e35bc3be50 Thread added: 0x000001e35bc3be50
Event: 0.043 Thread 0x000001e35bc3c900 Thread added: 0x000001e35bc3c900
Event: 0.062 Thread 0x000001e3600872a0 Thread added: 0x000001e3600872a0
Event: 0.116 Thread 0x000001e36026c990 Thread added: 0x000001e36026c990
Event: 1.999 Thread 0x000001e361bce600 Thread added: 0x000001e361bce600
Event: 2.309 Thread 0x000001e3617eea00 Thread added: 0x000001e3617eea00
Event: 2.389 Thread 0x000001e361e75c80 Thread added: 0x000001e361e75c80
Event: 2.475 Thread 0x000001e361dec9c0 Thread added: 0x000001e361dec9c0
Event: 2.479 Thread 0x000001e361decf60 Thread added: 0x000001e361decf60
Event: 2.526 Thread 0x000001e361deda00 Thread added: 0x000001e361deda00
Event: 2.543 Thread 0x000001e361dee4a0 Thread added: 0x000001e361dee4a0
Event: 2.558 Thread 0x000001e361dee9f0 Thread added: 0x000001e361dee9f0
Event: 2.563 Thread 0x000001e361deef40 Thread added: 0x000001e361deef40
Event: 2.566 Thread 0x000001e361def490 Thread added: 0x000001e361def490
Event: 3.109 Thread 0x000001e361def9e0 Thread added: 0x000001e361def9e0
Event: 3.121 Thread 0x000001e361deff30 Thread added: 0x000001e361deff30
Event: 3.155 Thread 0x000001e361ded4b0 Thread added: 0x000001e361ded4b0
Event: 3.205 Thread 0x000001e3618fc310 Thread added: 0x000001e3618fc310


Dynamic libraries:
0x00007ff7ad430000 - 0x00007ff7ad440000 	C:\Program Files\Java\jdk-20\bin\java.exe
0x00007ff8ae050000 - 0x00007ff8ae267000 	C:\WINDOWS\SYSTEM32\ntdll.dll
0x00007ff8abdf0000 - 0x00007ff8abeb4000 	C:\WINDOWS\System32\KERNEL32.DLL
0x00007ff8ab310000 - 0x00007ff8ab6e3000 	C:\WINDOWS\System32\KERNELBASE.dll
0x00007ff8ab140000 - 0x00007ff8ab251000 	C:\WINDOWS\System32\ucrtbase.dll
0x00007ff8a3500000 - 0x00007ff8a3519000 	C:\Program Files\Java\jdk-20\bin\jli.dll
0x00007ff8a34e0000 - 0x00007ff8a34fb000 	C:\Program Files\Java\jdk-20\bin\VCRUNTIME140.dll
0x00007ff8ad3a0000 - 0x00007ff8ad451000 	C:\WINDOWS\System32\ADVAPI32.dll
0x00007ff8adc90000 - 0x00007ff8add37000 	C:\WINDOWS\System32\msvcrt.dll
0x00007ff8ac890000 - 0x00007ff8ac937000 	C:\WINDOWS\System32\sechost.dll
0x00007ff8ab790000 - 0x00007ff8ab7b8000 	C:\WINDOWS\System32\bcrypt.dll
0x00007ff8adaa0000 - 0x00007ff8adbb4000 	C:\WINDOWS\System32\RPCRT4.dll
0x00007ff8add70000 - 0x00007ff8adf21000 	C:\WINDOWS\System32\USER32.dll
0x00007ff8ab2e0000 - 0x00007ff8ab306000 	C:\WINDOWS\System32\win32u.dll
0x00007ff895ad0000 - 0x00007ff895d6b000 	C:\WINDOWS\WinSxS\amd64_microsoft.windows.common-controls_6595b64144ccf1df_6.0.22621.5262_none_2712bde373830908\COMCTL32.dll
0x00007ff8add40000 - 0x00007ff8add69000 	C:\WINDOWS\System32\GDI32.dll
0x00007ff8ab900000 - 0x00007ff8aba22000 	C:\WINDOWS\System32\gdi32full.dll
0x00007ff8ab6f0000 - 0x00007ff8ab78a000 	C:\WINDOWS\System32\msvcp_win.dll
0x00007ff8a6c20000 - 0x00007ff8a6c2a000 	C:\WINDOWS\SYSTEM32\VERSION.dll
0x00007ff8ad8f0000 - 0x00007ff8ad921000 	C:\WINDOWS\System32\IMM32.DLL
0x00007ff8a34d0000 - 0x00007ff8a34dc000 	C:\Program Files\Java\jdk-20\bin\vcruntime140_1.dll
0x00007ff84c240000 - 0x00007ff84c2ce000 	C:\Program Files\Java\jdk-20\bin\msvcp140.dll
0x00007ff826500000 - 0x00007ff827197000 	C:\Program Files\Java\jdk-20\bin\server\jvm.dll
0x00007ff88f550000 - 0x00007ff88f559000 	C:\WINDOWS\SYSTEM32\WSOCK32.dll
0x00007ff8a6be0000 - 0x00007ff8a6c14000 	C:\WINDOWS\SYSTEM32\WINMM.dll
0x00007ff8ac5d0000 - 0x00007ff8ac641000 	C:\WINDOWS\System32\WS2_32.dll
0x00007ff8aa140000 - 0x00007ff8aa158000 	C:\WINDOWS\SYSTEM32\kernel.appcore.dll
0x00007ff8839b0000 - 0x00007ff8839ba000 	C:\Program Files\Java\jdk-20\bin\jimage.dll
0x00007ff8a8dd0000 - 0x00007ff8a9002000 	C:\WINDOWS\SYSTEM32\DBGHELP.DLL
0x00007ff8abec0000 - 0x00007ff8ac253000 	C:\WINDOWS\System32\combase.dll
0x00007ff8adf30000 - 0x00007ff8ae007000 	C:\WINDOWS\System32\OLEAUT32.dll
0x00007ff89fdf0000 - 0x00007ff89fe22000 	C:\WINDOWS\SYSTEM32\dbgcore.DLL
0x00007ff8ab880000 - 0x00007ff8ab8fb000 	C:\WINDOWS\System32\bcryptPrimitives.dll
0x00007ff871970000 - 0x00007ff87197e000 	C:\Program Files\Java\jdk-20\bin\instrument.dll
0x00007ff86c5a0000 - 0x00007ff86c5c6000 	C:\Program Files\Java\jdk-20\bin\java.dll
0x00007ff82a1e0000 - 0x00007ff82a2b7000 	C:\Program Files\Java\jdk-20\bin\jsvml.dll
0x00007ff8ac9a0000 - 0x00007ff8ad23d000 	C:\WINDOWS\System32\SHELL32.dll
0x00007ff8abba0000 - 0x00007ff8abcdf000 	C:\WINDOWS\System32\wintypes.dll
0x00007ff8a9030000 - 0x00007ff8a994d000 	C:\WINDOWS\SYSTEM32\windows.storage.dll
0x00007ff8abce0000 - 0x00007ff8abdeb000 	C:\WINDOWS\System32\SHCORE.dll
0x00007ff8ada30000 - 0x00007ff8ada96000 	C:\WINDOWS\System32\shlwapi.dll
0x00007ff8ab070000 - 0x00007ff8ab09b000 	C:\WINDOWS\SYSTEM32\profapi.dll
0x00007ff867310000 - 0x00007ff867328000 	C:\Program Files\Java\jdk-20\bin\zip.dll
0x00007ff87eaf0000 - 0x00007ff87eb03000 	C:\Program Files\Java\jdk-20\bin\net.dll
0x00007ff8a6ab0000 - 0x00007ff8a6bdc000 	C:\WINDOWS\SYSTEM32\WINHTTP.dll
0x00007ff8aa5b0000 - 0x00007ff8aa61a000 	C:\WINDOWS\system32\mswsock.dll
0x00007ff87e1b0000 - 0x00007ff87e1c6000 	C:\Program Files\Java\jdk-20\bin\nio.dll
0x00007ff8a3560000 - 0x00007ff8a3570000 	C:\Program Files\Java\jdk-20\bin\verify.dll
0x00007ff82dd10000 - 0x00007ff82dd37000 	C:\Users\rickb\.gradle\native\1def1411415f61bf3af743bc5b6707747c0891f09f0c88961ee8f79bc544acac\windows-amd64\native-platform.dll
0x00007ff81fc50000 - 0x00007ff81fcc8000 	C:\Users\rickb\.gradle\native\0.2.7\x86_64-windows-gnu\gradle-fileevents.dll
0x00007ff86fbe0000 - 0x00007ff86fbea000 	C:\Program Files\Java\jdk-20\bin\management.dll
0x00007ff86ef80000 - 0x00007ff86ef8b000 	C:\Program Files\Java\jdk-20\bin\management_ext.dll
0x00007ff8ac2e0000 - 0x00007ff8ac2e8000 	C:\WINDOWS\System32\PSAPI.DLL
0x00007ff8a9bf0000 - 0x00007ff8a9c1d000 	C:\WINDOWS\SYSTEM32\IPHLPAPI.DLL
0x00007ff8ac940000 - 0x00007ff8ac949000 	C:\WINDOWS\System32\NSI.dll
0x00007ff8a62b0000 - 0x00007ff8a62c9000 	C:\WINDOWS\SYSTEM32\dhcpcsvc6.DLL
0x00007ff8a5f50000 - 0x00007ff8a5f6f000 	C:\WINDOWS\SYSTEM32\dhcpcsvc.DLL
0x00007ff8a9c20000 - 0x00007ff8a9d18000 	C:\WINDOWS\SYSTEM32\DNSAPI.dll
0x00007ff86da70000 - 0x00007ff86da77000 	C:\Program Files\Java\jdk-20\bin\extnet.dll
0x00007ff8aa7d0000 - 0x00007ff8aa7eb000 	C:\WINDOWS\SYSTEM32\CRYPTSP.dll
0x00007ff8aa0a0000 - 0x00007ff8aa0d7000 	C:\WINDOWS\system32\rsaenh.dll
0x00007ff8aa660000 - 0x00007ff8aa688000 	C:\WINDOWS\SYSTEM32\USERENV.dll
0x00007ff8aa7c0000 - 0x00007ff8aa7cc000 	C:\WINDOWS\SYSTEM32\CRYPTBASE.dll
0x00007ff86d190000 - 0x00007ff86d19e000 	C:\Program Files\Java\jdk-20\bin\sunmscapi.dll
0x00007ff8aba30000 - 0x00007ff8abb97000 	C:\WINDOWS\System32\CRYPT32.dll
0x00007ff8aaa10000 - 0x00007ff8aaa3d000 	C:\WINDOWS\SYSTEM32\ncrypt.dll
0x00007ff8aa9d0000 - 0x00007ff8aaa07000 	C:\WINDOWS\SYSTEM32\NTASN1.dll
0x00007ff8a7d70000 - 0x00007ff8a7d78000 	C:\WINDOWS\system32\wshunix.dll

dbghelp: loaded successfully - version: 4.0.5 - missing functions: none
symbol engine: initialized successfully - sym options: 0x614 - pdb path: .;C:\Program Files\Java\jdk-20\bin;C:\WINDOWS\SYSTEM32;C:\WINDOWS\WinSxS\amd64_microsoft.windows.common-controls_6595b64144ccf1df_6.0.22621.5262_none_2712bde373830908;C:\Program Files\Java\jdk-20\bin\server;C:\Users\rickb\.gradle\native\1def1411415f61bf3af743bc5b6707747c0891f09f0c88961ee8f79bc544acac\windows-amd64;C:\Users\rickb\.gradle\native\0.2.7\x86_64-windows-gnu

VM Arguments:
jvm_args: --add-opens=java.base/java.lang=ALL-UNNAMED --add-opens=java.base/java.lang.invoke=ALL-UNNAMED --add-opens=java.base/java.util=ALL-UNNAMED --add-opens=java.prefs/java.util.prefs=ALL-UNNAMED --add-exports=jdk.compiler/com.sun.tools.javac.api=ALL-UNNAMED --add-exports=jdk.compiler/com.sun.tools.javac.util=ALL-UNNAMED --add-opens=java.base/java.util=ALL-UNNAMED --add-opens=java.prefs/java.util.prefs=ALL-UNNAMED --add-opens=java.base/java.nio.charset=ALL-UNNAMED --add-opens=java.base/java.net=ALL-UNNAMED --add-opens=java.base/java.util.concurrent.atomic=ALL-UNNAMED --add-opens=java.xml/javax.xml.namespace=ALL-UNNAMED -XX:MaxMetaspaceSize=512m -Xmx2048m -Dfile.encoding=UTF-8 -Duser.country=IN -Duser.language=en -Duser.variant -javaagent:C:\Users\rickb\.gradle\wrapper\dists\gradle-8.13-bin\5xuhj0ry160q40clulazy9h7d\gradle-8.13\lib\agents\gradle-instrumentation-agent-8.13.jar 
java_command: org.gradle.launcher.daemon.bootstrap.GradleDaemon 8.13
java_class_path (initial): C:\Users\rickb\.gradle\wrapper\dists\gradle-8.13-bin\5xuhj0ry160q40clulazy9h7d\gradle-8.13\lib\gradle-daemon-main-8.13.jar
Launcher Type: SUN_STANDARD

[Global flags]
     intx CICompilerCount                          = 4                                         {product} {ergonomic}
   size_t CompressedClassSpaceSize                 = 432013312                                 {product} {ergonomic}
     uint ConcGCThreads                            = 3                                         {product} {ergonomic}
     uint G1ConcRefinementThreads                  = 10                                        {product} {ergonomic}
   size_t G1HeapRegionSize                         = 1048576                                   {product} {ergonomic}
    uintx GCDrainStackTargetSize                   = 64                                        {product} {ergonomic}
   size_t InitialHeapSize                          = 98566144                                  {product} {ergonomic}
   size_t MarkStackSize                            = 4194304                                   {product} {ergonomic}
   size_t MaxHeapSize                              = 2147483648                                {product} {command line}
   size_t MaxMetaspaceSize                         = 536870912                                 {product} {command line}
   size_t MaxNewSize                               = 1287651328                                {product} {ergonomic}
   size_t MinHeapDeltaBytes                        = 1048576                                   {product} {ergonomic}
   size_t MinHeapSize                              = 8388608                                   {product} {ergonomic}
    uintx NonNMethodCodeHeapSize                   = 5839372                                {pd product} {ergonomic}
    uintx NonProfiledCodeHeapSize                  = 122909434                              {pd product} {ergonomic}
    uintx ProfiledCodeHeapSize                     = 122909434                              {pd product} {ergonomic}
    uintx ReservedCodeCacheSize                    = 251658240                              {pd product} {ergonomic}
     bool SegmentedCodeCache                       = true                                      {product} {ergonomic}
   size_t SoftMaxHeapSize                          = 2147483648                             {manageable} {ergonomic}
     bool UseCompressedClassPointers               = true                           {product lp64_product} {ergonomic}
     bool UseCompressedOops                        = true                           {product lp64_product} {ergonomic}
     bool UseG1GC                                  = true                                      {product} {ergonomic}
     bool UseLargePagesIndividualAllocation        = false                                  {pd product} {ergonomic}

Logging:
Log output configuration:
 #0: stdout all=warning uptime,level,tags foldmultilines=false
 #1: stderr all=off uptime,level,tags foldmultilines=false

Environment Variables:
JAVA_HOME=C:\Program Files\Java\jdk-20
CLASSPATH=E:\App\deliveryApp\android\\gradle\wrapper\gradle-wrapper.jar
PATH=E:\App\deliveryApp\node_modules\.bin;E:\App\deliveryApp\node_modules\.bin;E:\App\node_modules\.bin;E:\node_modules\.bin;C:\Users\rickb\AppData\Roaming\npm\node_modules\npm\node_modules\@npmcli\run-script\lib\node-gyp-bin;C:\Program Files\Python310\Scripts\;C:\Program Files\Python310\;C:\Program Files\Common Files\Oracle\Java\javapath;C:\Windows\system32;C:\Windows;C:\Windows\System32\Wbem;C:\Windows\System32\WindowsPowerShell\v1.0\;C:\Windows\System32\OpenSSH\;C:\Program Files (x86)\NVIDIA Corporation\PhysX\Common;C:\Program Files\Java\jdk-20\bin;C:\WINDOWS\system32;C:\WINDOWS;C:\WINDOWS\System32\Wbem;C:\WINDOWS\System32\WindowsPowerShell\v1.0\;C:\WINDOWS\System32\OpenSSH\;C:\Program Files\MySQL\MySQL Server 8.0\bin;C:\Program Files\nodejs\;C:\Program Files\Git\cmd;C:\Users\rickb\AppData\Local\Android\Sdk\platform-tools;C:\Users\rickb\AppData\Local\Android\Sdk\tools;C:\Users\rickb\AppData\Local\Android\Sdk\platform-tools;C:\Users\rickb\AppData\Local\Android\Sdk\tools;C:\Users\rickb\AppData\Local\Android\Sdk\platform-tools;C:\Users\rickb\AppData\Local\Android\Sdk\tools;C:\Program Files\MySQL\MySQL Shell 8.0\bin\;C:\Users\rickb\AppData\Local\Programs\Python\Launcher\;C:\Users\rickb\AppData\Local\Microsoft\WindowsApps;C:\Users\rickb\AppData\Roaming\Python\Python310\Scripts;C:\Users\rickb\AppData\Local\Programs\Microsoft VS Code\bin;C:\Users\rickb\AppData\Roaming\npm;C:\Users\rickb\AppData\Local\GitHubDesktop\bin
USERNAME=rickb
OS=Windows_NT
PROCESSOR_IDENTIFIER=AMD64 Family 25 Model 80 Stepping 0, AuthenticAMD
TMP=C:\Users\rickb\AppData\Local\Temp
TEMP=C:\Users\rickb\AppData\Local\Temp




---------------  S Y S T E M  ---------------

OS:
 Windows 11 , 64 bit Build 22621 (10.0.22621.5262)
OS uptime: 4 days 14:56 hours
Hyper-V role detected

CPU: total 12 (initial active 12) (12 cores per cpu, 2 threads per core) family 25 model 80 stepping 0 microcode 0x0, cx8, cmov, fxsr, ht, mmx, 3dnowpref, sse, sse2, sse3, ssse3, sse4a, sse4.1, sse4.2, popcnt, lzcnt, tsc, tscinvbit, avx, avx2, aes, erms, clmul, bmi1, bmi2, adx, sha, fma, vzeroupper, clflush, clflushopt, hv, rdtscp, rdpid, fsrm, f16c, cet_ss

Memory: 4k page, system-wide physical 5996M (497M free)
TotalPageFile size 24428M (AvailPageFile size 3M)
current process WorkingSet (physical memory assigned to process): 177M, peak: 177M
current process commit charge ("private bytes"): 243M, peak: 244M

vm_info: Java HotSpot(TM) 64-Bit Server VM (20.0.1+9-29) for windows-amd64 JRE (20.0.1+9-29), built on 2023-03-07T13:56:11Z by "mach5one" with MS VC++ 17.1 (VS2022)

END.
